<?xml version="1.0" encoding="UTF-8"?>
<!-- Generated by org.testng.reporters.JUnitXMLReporter -->
<testsuite hostname="LAPTOP-UVUL5OT0" ignored="0" name="Test1" tests="2" failures="0" timestamp="22 Feb 2023 06:44:09 GMT" time="6.468" errors="0">
  <testcase name="@BeforeMethod init" time="6.418" classname="testngprogms.PerformLogin">
    <failure type="org.openqa.selenium.SessionNotCreatedException" message="session not created: This version of ChromeDriver only supports Chrome version 106
Current browser version is 109.0.5414.120 with binary path C:\Program Files\Google\Chrome\Application\chrome.exe
Build info: version: &amp;apos;3.141.59&amp;apos;, revision: &amp;apos;e82be7d358&amp;apos;, time: &amp;apos;2018-11-14T08:17:03&amp;apos;
System info: host: &amp;apos;LAPTOP-UVUL5OT0&amp;apos;, ip: &amp;apos;192.168.1.8&amp;apos;, os.name: &amp;apos;Windows 10&amp;apos;, os.arch: &amp;apos;amd64&amp;apos;, os.version: &amp;apos;10.0&amp;apos;, java.version: &amp;apos;1.8.0_301&amp;apos;
Driver info: driver.version: ChromeDriver
remote stacktrace: Backtrace:
	Ordinal0 [0x007C1ED3+2236115]
	Ordinal0 [0x007592F1+1807089]
	Ordinal0 [0x006666FD+812797]
	Ordinal0 [0x00688C6D+953453]
	Ordinal0 [0x00684200+934400]
	Ordinal0 [0x006819C9+924105]
	Ordinal0 [0x006B806C+1146988]
	Ordinal0 [0x006B7A6A+1145450]
	Ordinal0 [0x006B18A6+1120422]
	Ordinal0 [0x0068A73D+960317]
	Ordinal0 [0x0068B71F+964383]
	GetHandleVerifier [0x00A6E7E2+2743074]
	GetHandleVerifier [0x00A608D4+2685972]
	GetHandleVerifier [0x00852BAA+532202]
	GetHandleVerifier [0x00851990+527568]
	Ordinal0 [0x0076080C+1837068]
	Ordinal0 [0x00764CD8+1854680]
	Ordinal0 [0x00764DC5+1854917]
	Ordinal0 [0x0076ED64+1895780]
	BaseThreadInitThunk [0x75A16BD9+25]
	RtlGetFullPathName_UEx [0x77BF8FD2+1218]
	RtlGetFullPathName_UEx [0x77BF8F9D+1165]
">
      <![CDATA[org.openqa.selenium.SessionNotCreatedException: session not created: This version of ChromeDriver only supports Chrome version 106
Current browser version is 109.0.5414.120 with binary path C:\Program Files\Google\Chrome\Application\chrome.exe
Build info: version: '3.141.59', revision: 'e82be7d358', time: '2018-11-14T08:17:03'
System info: host: 'LAPTOP-UVUL5OT0', ip: '192.168.1.8', os.name: 'Windows 10', os.arch: 'amd64', os.version: '10.0', java.version: '1.8.0_301'
Driver info: driver.version: ChromeDriver
remote stacktrace: Backtrace:
Ordinal0 [0x007C1ED3+2236115]
Ordinal0 [0x007592F1+1807089]
Ordinal0 [0x006666FD+812797]
Ordinal0 [0x00688C6D+953453]
Ordinal0 [0x00684200+934400]
Ordinal0 [0x006819C9+924105]
Ordinal0 [0x006B806C+1146988]
Ordinal0 [0x006B7A6A+1145450]
Ordinal0 [0x006B18A6+1120422]
Ordinal0 [0x0068A73D+960317]
Ordinal0 [0x0068B71F+964383]
GetHandleVerifier [0x00A6E7E2+2743074]
GetHandleVerifier [0x00A608D4+2685972]
GetHandleVerifier [0x00852BAA+532202]
GetHandleVerifier [0x00851990+527568]
Ordinal0 [0x0076080C+1837068]
Ordinal0 [0x00764CD8+1854680]
Ordinal0 [0x00764DC5+1854917]
Ordinal0 [0x0076ED64+1895780]
BaseThreadInitThunk [0x75A16BD9+25]
RtlGetFullPathName_UEx [0x77BF8FD2+1218]
RtlGetFullPathName_UEx [0x77BF8F9D+1165]

at org.openqa.selenium.remote.W3CHandshakeResponse.lambda$errorHandler$0(W3CHandshakeResponse.java:62)
at org.openqa.selenium.remote.HandshakeResponse.lambda$getResponseFunction$0(HandshakeResponse.java:30)
at org.openqa.selenium.remote.ProtocolHandshake.lambda$createSession$0(ProtocolHandshake.java:126)
at java.util.stream.ReferencePipeline$3$1.accept(ReferencePipeline.java:193)
at java.util.Spliterators$ArraySpliterator.tryAdvance(Spliterators.java:958)
at java.util.stream.ReferencePipeline.forEachWithCancel(ReferencePipeline.java:126)
at java.util.stream.AbstractPipeline.copyIntoWithCancel(AbstractPipeline.java:499)
at java.util.stream.AbstractPipeline.copyInto(AbstractPipeline.java:486)
at java.util.stream.AbstractPipeline.wrapAndCopyInto(AbstractPipeline.java:472)
at java.util.stream.FindOps$FindOp.evaluateSequential(FindOps.java:152)
at java.util.stream.AbstractPipeline.evaluate(AbstractPipeline.java:234)
at java.util.stream.ReferencePipeline.findFirst(ReferencePipeline.java:464)
at org.openqa.selenium.remote.ProtocolHandshake.createSession(ProtocolHandshake.java:128)
at org.openqa.selenium.remote.ProtocolHandshake.createSession(ProtocolHandshake.java:74)
at org.openqa.selenium.remote.HttpCommandExecutor.execute(HttpCommandExecutor.java:136)
at org.openqa.selenium.remote.service.DriverCommandExecutor.execute(DriverCommandExecutor.java:83)
at org.openqa.selenium.remote.RemoteWebDriver.execute(RemoteWebDriver.java:552)
at org.openqa.selenium.remote.RemoteWebDriver.startSession(RemoteWebDriver.java:213)
at org.openqa.selenium.remote.RemoteWebDriver.<init>(RemoteWebDriver.java:131)
at org.openqa.selenium.chrome.ChromeDriver.<init>(ChromeDriver.java:181)
at org.openqa.selenium.chrome.ChromeDriver.<init>(ChromeDriver.java:168)
at org.openqa.selenium.chrome.ChromeDriver.<init>(ChromeDriver.java:123)
at testngprogms.PerformLogin.init(PerformLogin.java:20)
... Removed 36 stack frames]]>
    </failure>
  </testcase> <!-- @BeforeMethod init -->
  <testcase name="@AfterMethod close" time="0.0" classname="testngprogms.PerformLogin">
    <skipped/>
  </testcase> <!-- @AfterMethod close -->
  <testcase name="@BeforeMethod init" time="0.0" classname="testngprogms.PerformLogin">
    <skipped/>
  </testcase> <!-- @BeforeMethod init -->
  <testcase name="@AfterMethod close" time="0.0" classname="testngprogms.PerformLogin">
    <skipped/>
  </testcase> <!-- @AfterMethod close -->
  <testcase name="TC2" time="0.0" classname="testngprogms.PerformLogin">
    <skipped/>
  </testcase> <!-- TC2 -->
  <testcase name="loginApp" time="0.0" classname="testngprogms.PerformLogin">
    <skipped/>
  </testcase> <!-- loginApp -->
</testsuite> <!-- Test1 -->
