<?xml version="1.0" encoding="UTF-8"?>
<testsuite xmlns:xsi="http://www.w3.org/2001/XMLSchema-instance" xsi:noNamespaceSchemaLocation="https://maven.apache.org/surefire/maven-surefire-plugin/xsd/surefire-test-report.xsd" name="TestSuite" time="12.356" tests="6" errors="0" skipped="5" failures="1">
  <properties>
    <property name="sun.desktop" value="windows"/>
    <property name="awt.toolkit" value="sun.awt.windows.WToolkit"/>
    <property name="file.encoding.pkg" value="sun.io"/>
    <property name="java.specification.version" value="1.8"/>
    <property name="sun.cpu.isalist" value="amd64"/>
    <property name="sun.jnu.encoding" value="Cp1252"/>
    <property name="java.class.path" value="C:\Users\krshu\.m2\repository\org\apache\maven\surefire\surefire-booter\2.22.0\surefire-booter-2.22.0.jar;C:\Users\krshu\.m2\repository\org\apache\maven\surefire\surefire-api\2.22.0\surefire-api-2.22.0.jar;C:\Users\krshu\.m2\repository\org\apache\maven\surefire\surefire-logger-api\2.22.0\surefire-logger-api-2.22.0.jar;C:\Users\krshu\GitDemo1\SeleniumDemoMorning\target\test-classes;C:\Users\krshu\GitDemo1\SeleniumDemoMorning\target\classes;C:\Users\krshu\.m2\repository\org\seleniumhq\selenium\selenium-java\3.141.59\selenium-java-3.141.59.jar;C:\Users\krshu\.m2\repository\org\seleniumhq\selenium\selenium-api\3.141.59\selenium-api-3.141.59.jar;C:\Users\krshu\.m2\repository\org\seleniumhq\selenium\selenium-chrome-driver\3.141.59\selenium-chrome-driver-3.141.59.jar;C:\Users\krshu\.m2\repository\org\seleniumhq\selenium\selenium-edge-driver\3.141.59\selenium-edge-driver-3.141.59.jar;C:\Users\krshu\.m2\repository\org\seleniumhq\selenium\selenium-firefox-driver\3.141.59\selenium-firefox-driver-3.141.59.jar;C:\Users\krshu\.m2\repository\org\seleniumhq\selenium\selenium-ie-driver\3.141.59\selenium-ie-driver-3.141.59.jar;C:\Users\krshu\.m2\repository\org\seleniumhq\selenium\selenium-opera-driver\3.141.59\selenium-opera-driver-3.141.59.jar;C:\Users\krshu\.m2\repository\org\seleniumhq\selenium\selenium-remote-driver\3.141.59\selenium-remote-driver-3.141.59.jar;C:\Users\krshu\.m2\repository\org\seleniumhq\selenium\selenium-safari-driver\3.141.59\selenium-safari-driver-3.141.59.jar;C:\Users\krshu\.m2\repository\org\seleniumhq\selenium\selenium-support\3.141.59\selenium-support-3.141.59.jar;C:\Users\krshu\.m2\repository\net\bytebuddy\byte-buddy\1.8.15\byte-buddy-1.8.15.jar;C:\Users\krshu\.m2\repository\org\apache\commons\commons-exec\1.3\commons-exec-1.3.jar;C:\Users\krshu\.m2\repository\com\google\guava\guava\25.0-jre\guava-25.0-jre.jar;C:\Users\krshu\.m2\repository\com\google\code\findbugs\jsr305\1.3.9\jsr305-1.3.9.jar;C:\Users\krshu\.m2\repository\org\checkerframework\checker-compat-qual\2.0.0\checker-compat-qual-2.0.0.jar;C:\Users\krshu\.m2\repository\com\google\errorprone\error_prone_annotations\2.1.3\error_prone_annotations-2.1.3.jar;C:\Users\krshu\.m2\repository\com\google\j2objc\j2objc-annotations\1.1\j2objc-annotations-1.1.jar;C:\Users\krshu\.m2\repository\org\codehaus\mojo\animal-sniffer-annotations\1.14\animal-sniffer-annotations-1.14.jar;C:\Users\krshu\.m2\repository\com\squareup\okhttp3\okhttp\3.11.0\okhttp-3.11.0.jar;C:\Users\krshu\.m2\repository\com\squareup\okio\okio\1.14.0\okio-1.14.0.jar;C:\Users\krshu\.m2\repository\commons-io\commons-io\2.6\commons-io-2.6.jar;C:\Users\krshu\.m2\repository\org\testng\testng\6.14.3\testng-6.14.3.jar;C:\Users\krshu\.m2\repository\com\beust\jcommander\1.72\jcommander-1.72.jar;C:\Users\krshu\.m2\repository\org\apache-extras\beanshell\bsh\2.0b6\bsh-2.0b6.jar;C:\Users\krshu\.m2\repository\org\apache\poi\poi\3.9\poi-3.9.jar;C:\Users\krshu\.m2\repository\commons-codec\commons-codec\1.5\commons-codec-1.5.jar;C:\Users\krshu\.m2\repository\org\apache\poi\poi-ooxml\3.9\poi-ooxml-3.9.jar;C:\Users\krshu\.m2\repository\org\apache\poi\poi-ooxml-schemas\3.9\poi-ooxml-schemas-3.9.jar;C:\Users\krshu\.m2\repository\org\apache\xmlbeans\xmlbeans\2.3.0\xmlbeans-2.3.0.jar;C:\Users\krshu\.m2\repository\stax\stax-api\1.0.1\stax-api-1.0.1.jar;C:\Users\krshu\.m2\repository\dom4j\dom4j\1.6.1\dom4j-1.6.1.jar;C:\Users\krshu\.m2\repository\xml-apis\xml-apis\1.0.b2\xml-apis-1.0.b2.jar;C:\Users\krshu\.m2\repository\org\apache\maven\surefire\surefire-testng-utils\2.22.0\surefire-testng-utils-2.22.0.jar;C:\Users\krshu\.m2\repository\org\apache\maven\surefire\surefire-grouper\2.22.0\surefire-grouper-2.22.0.jar;C:\Users\krshu\.m2\repository\org\apache\maven\surefire\surefire-testng\2.22.0\surefire-testng-2.22.0.jar;C:\Users\krshu\.m2\repository\org\apache\maven\surefire\common-java5\2.22.0\common-java5-2.22.0.jar"/>
    <property name="java.vm.vendor" value="Oracle Corporation"/>
    <property name="sun.arch.data.model" value="64"/>
    <property name="user.variant" value=""/>
    <property name="java.vendor.url" value="http://java.oracle.com/"/>
    <property name="user.timezone" value="Asia/Calcutta"/>
    <property name="java.vm.specification.version" value="1.8"/>
    <property name="os.name" value="Windows 10"/>
    <property name="user.country" value="IN"/>
    <property name="sun.java.launcher" value="SUN_STANDARD"/>
    <property name="sun.boot.library.path" value="C:\Program Files\Java\jdk1.8.0_301\jre\bin"/>
    <property name="sun.java.command" value="org.apache.maven.surefire.booter.ForkedBooter C:\Users\krshu\AppData\Local\Temp\surefire4435411299649114041 2023-02-22T12-13-55_558-jvmRun1 surefire1722681881065637360tmp surefire_05958583212433733391tmp"/>
    <property name="surefire.test.class.path" value="C:\Users\krshu\GitDemo1\SeleniumDemoMorning\target\test-classes;C:\Users\krshu\GitDemo1\SeleniumDemoMorning\target\classes;C:\Users\krshu\.m2\repository\org\seleniumhq\selenium\selenium-java\3.141.59\selenium-java-3.141.59.jar;C:\Users\krshu\.m2\repository\org\seleniumhq\selenium\selenium-api\3.141.59\selenium-api-3.141.59.jar;C:\Users\krshu\.m2\repository\org\seleniumhq\selenium\selenium-chrome-driver\3.141.59\selenium-chrome-driver-3.141.59.jar;C:\Users\krshu\.m2\repository\org\seleniumhq\selenium\selenium-edge-driver\3.141.59\selenium-edge-driver-3.141.59.jar;C:\Users\krshu\.m2\repository\org\seleniumhq\selenium\selenium-firefox-driver\3.141.59\selenium-firefox-driver-3.141.59.jar;C:\Users\krshu\.m2\repository\org\seleniumhq\selenium\selenium-ie-driver\3.141.59\selenium-ie-driver-3.141.59.jar;C:\Users\krshu\.m2\repository\org\seleniumhq\selenium\selenium-opera-driver\3.141.59\selenium-opera-driver-3.141.59.jar;C:\Users\krshu\.m2\repository\org\seleniumhq\selenium\selenium-remote-driver\3.141.59\selenium-remote-driver-3.141.59.jar;C:\Users\krshu\.m2\repository\org\seleniumhq\selenium\selenium-safari-driver\3.141.59\selenium-safari-driver-3.141.59.jar;C:\Users\krshu\.m2\repository\org\seleniumhq\selenium\selenium-support\3.141.59\selenium-support-3.141.59.jar;C:\Users\krshu\.m2\repository\net\bytebuddy\byte-buddy\1.8.15\byte-buddy-1.8.15.jar;C:\Users\krshu\.m2\repository\org\apache\commons\commons-exec\1.3\commons-exec-1.3.jar;C:\Users\krshu\.m2\repository\com\google\guava\guava\25.0-jre\guava-25.0-jre.jar;C:\Users\krshu\.m2\repository\com\google\code\findbugs\jsr305\1.3.9\jsr305-1.3.9.jar;C:\Users\krshu\.m2\repository\org\checkerframework\checker-compat-qual\2.0.0\checker-compat-qual-2.0.0.jar;C:\Users\krshu\.m2\repository\com\google\errorprone\error_prone_annotations\2.1.3\error_prone_annotations-2.1.3.jar;C:\Users\krshu\.m2\repository\com\google\j2objc\j2objc-annotations\1.1\j2objc-annotations-1.1.jar;C:\Users\krshu\.m2\repository\org\codehaus\mojo\animal-sniffer-annotations\1.14\animal-sniffer-annotations-1.14.jar;C:\Users\krshu\.m2\repository\com\squareup\okhttp3\okhttp\3.11.0\okhttp-3.11.0.jar;C:\Users\krshu\.m2\repository\com\squareup\okio\okio\1.14.0\okio-1.14.0.jar;C:\Users\krshu\.m2\repository\commons-io\commons-io\2.6\commons-io-2.6.jar;C:\Users\krshu\.m2\repository\org\testng\testng\6.14.3\testng-6.14.3.jar;C:\Users\krshu\.m2\repository\com\beust\jcommander\1.72\jcommander-1.72.jar;C:\Users\krshu\.m2\repository\org\apache-extras\beanshell\bsh\2.0b6\bsh-2.0b6.jar;C:\Users\krshu\.m2\repository\org\apache\poi\poi\3.9\poi-3.9.jar;C:\Users\krshu\.m2\repository\commons-codec\commons-codec\1.5\commons-codec-1.5.jar;C:\Users\krshu\.m2\repository\org\apache\poi\poi-ooxml\3.9\poi-ooxml-3.9.jar;C:\Users\krshu\.m2\repository\org\apache\poi\poi-ooxml-schemas\3.9\poi-ooxml-schemas-3.9.jar;C:\Users\krshu\.m2\repository\org\apache\xmlbeans\xmlbeans\2.3.0\xmlbeans-2.3.0.jar;C:\Users\krshu\.m2\repository\stax\stax-api\1.0.1\stax-api-1.0.1.jar;C:\Users\krshu\.m2\repository\dom4j\dom4j\1.6.1\dom4j-1.6.1.jar;C:\Users\krshu\.m2\repository\xml-apis\xml-apis\1.0.b2\xml-apis-1.0.b2.jar;C:\Users\krshu\.m2\repository\org\apache\maven\surefire\surefire-testng-utils\2.22.0\surefire-testng-utils-2.22.0.jar;C:\Users\krshu\.m2\repository\org\apache\maven\surefire\surefire-grouper\2.22.0\surefire-grouper-2.22.0.jar;"/>
    <property name="sun.cpu.endian" value="little"/>
    <property name="user.home" value="C:\Users\krshu"/>
    <property name="user.language" value="en"/>
    <property name="java.specification.vendor" value="Oracle Corporation"/>
    <property name="java.home" value="C:\Program Files\Java\jdk1.8.0_301\jre"/>
    <property name="basedir" value="C:\Users\krshu\GitDemo1\SeleniumDemoMorning"/>
    <property name="file.separator" value="\"/>
    <property name="line.separator" value="&#10;"/>
    <property name="java.vm.specification.vendor" value="Oracle Corporation"/>
    <property name="java.specification.name" value="Java Platform API Specification"/>
    <property name="java.awt.graphicsenv" value="sun.awt.Win32GraphicsEnvironment"/>
    <property name="sun.boot.class.path" value="C:\Program Files\Java\jdk1.8.0_301\jre\lib\resources.jar;C:\Program Files\Java\jdk1.8.0_301\jre\lib\rt.jar;C:\Program Files\Java\jdk1.8.0_301\jre\lib\sunrsasign.jar;C:\Program Files\Java\jdk1.8.0_301\jre\lib\jsse.jar;C:\Program Files\Java\jdk1.8.0_301\jre\lib\jce.jar;C:\Program Files\Java\jdk1.8.0_301\jre\lib\charsets.jar;C:\Program Files\Java\jdk1.8.0_301\jre\lib\jfr.jar;C:\Program Files\Java\jdk1.8.0_301\jre\classes"/>
    <property name="user.script" value=""/>
    <property name="sun.management.compiler" value="HotSpot 64-Bit Tiered Compilers"/>
    <property name="java.runtime.version" value="1.8.0_301-b09"/>
    <property name="user.name" value="krshu"/>
    <property name="path.separator" value=";"/>
    <property name="os.version" value="10.0"/>
    <property name="java.endorsed.dirs" value="C:\Program Files\Java\jdk1.8.0_301\jre\lib\endorsed"/>
    <property name="java.runtime.name" value="Java(TM) SE Runtime Environment"/>
    <property name="file.encoding" value="Cp1252"/>
    <property name="java.vm.name" value="Java HotSpot(TM) 64-Bit Server VM"/>
    <property name="localRepository" value="C:\Users\krshu\.m2\repository"/>
    <property name="java.vendor.url.bug" value="http://bugreport.sun.com/bugreport/"/>
    <property name="java.io.tmpdir" value="C:\Users\krshu\AppData\Local\Temp\"/>
    <property name="java.version" value="1.8.0_301"/>
    <property name="user.dir" value="C:\Users\krshu\GitDemo1\SeleniumDemoMorning"/>
    <property name="os.arch" value="amd64"/>
    <property name="java.vm.specification.name" value="Java Virtual Machine Specification"/>
    <property name="java.awt.printerjob" value="sun.awt.windows.WPrinterJob"/>
    <property name="sun.os.patch.level" value=""/>
    <property name="java.library.path" value="C:\Program Files\Java\jdk1.8.0_301\jre\bin;C:\WINDOWS\Sun\Java\bin;C:\WINDOWS\system32;C:\WINDOWS;C:\Python311\Scripts\;C:\Python311\;C:\WINDOWS\system32;C:\WINDOWS;C:\WINDOWS\System32\Wbem;C:\WINDOWS\System32\WindowsPowerShell\v1.0\;C:\WINDOWS\System32\OpenSSH\;C:\Program Files\Java\jdk1.8.0_301\bin;C:\Program Files\Git\cmd;C:\Users\krshu\Downloads\apache-maven-3.8.4-bin\apache-maven-3.8.4\bin;C:\Program Files\OpenSSL-Win64\bin;C:\Program Files\nodejs\;C:\ProgramData\chocolatey\bin;C:\Program Files (x86)\Microsoft SQL Server\160\Tools\Binn\;C:\Program Files\Microsoft SQL Server\160\Tools\Binn\;C:\Program Files\Microsoft SQL Server\Client SDK\ODBC\170\Tools\Binn\;C:\Program Files\Microsoft SQL Server\160\DTS\Binn\;C:\Program Files (x86)\Microsoft SQL Server\160\DTS\Binn\;C:\Program Files\Azure Data Studio\bin;C:\Users\krshu\AppData\Local\Microsoft\WindowsApps;C:\Program Files\Java\jdk1.8.0_301\bin;C:\Program Files\JetBrains\IntelliJ IDEA Community Edition 2021.2.3\bin;;C:\Users\krshu\AppData\Local\Android\Sdk\platform-tools;C:\Users\krshu\Downloads\apache-maven-3.8.4-bin\apache-maven-3.8.4\bin;C:\Program Files\OpenSSL-Win64\bin;C:\Users\krshu\AppData\Roaming\npm;C:\Program Files\Azure Data Studio\bin;."/>
    <property name="java.vm.info" value="mixed mode"/>
    <property name="java.vendor" value="Oracle Corporation"/>
    <property name="java.vm.version" value="25.301-b09"/>
    <property name="java.ext.dirs" value="C:\Program Files\Java\jdk1.8.0_301\jre\lib\ext;C:\WINDOWS\Sun\Java\lib\ext"/>
    <property name="sun.io.unicode.encoding" value="UnicodeLittle"/>
    <property name="java.class.version" value="52.0"/>
  </properties>
  <testcase name="init" classname="testngprogms.PerformLogin" time="12.077">
    <failure message="session not created: This version of ChromeDriver only supports Chrome version 106&#10;Current browser version is 109.0.5414.120 with binary path C:\Program Files\Google\Chrome\Application\chrome.exe&#10;Build info: version: &apos;3.141.59&apos;, revision: &apos;e82be7d358&apos;, time: &apos;2018-11-14T08:17:03&apos;&#10;System info: host: &apos;LAPTOP-UVUL5OT0&apos;, ip: &apos;192.168.1.8&apos;, os.name: &apos;Windows 10&apos;, os.arch: &apos;amd64&apos;, os.version: &apos;10.0&apos;, java.version: &apos;1.8.0_301&apos;&#10;Driver info: driver.version: ChromeDriver&#10;remote stacktrace: Backtrace:&#10;	Ordinal0 [0x007C1ED3+2236115]&#10;	Ordinal0 [0x007592F1+1807089]&#10;	Ordinal0 [0x006666FD+812797]&#10;	Ordinal0 [0x00688C6D+953453]&#10;	Ordinal0 [0x00684200+934400]&#10;	Ordinal0 [0x006819C9+924105]&#10;	Ordinal0 [0x006B806C+1146988]&#10;	Ordinal0 [0x006B7A6A+1145450]&#10;	Ordinal0 [0x006B18A6+1120422]&#10;	Ordinal0 [0x0068A73D+960317]&#10;	Ordinal0 [0x0068B71F+964383]&#10;	GetHandleVerifier [0x00A6E7E2+2743074]&#10;	GetHandleVerifier [0x00A608D4+2685972]&#10;	GetHandleVerifier [0x00852BAA+532202]&#10;	GetHandleVerifier [0x00851990+527568]&#10;	Ordinal0 [0x0076080C+1837068]&#10;	Ordinal0 [0x00764CD8+1854680]&#10;	Ordinal0 [0x00764DC5+1854917]&#10;	Ordinal0 [0x0076ED64+1895780]&#10;	BaseThreadInitThunk [0x75A16BD9+25]&#10;	RtlGetFullPathName_UEx [0x77BF8FD2+1218]&#10;	RtlGetFullPathName_UEx [0x77BF8F9D+1165]&#10;" type="org.openqa.selenium.SessionNotCreatedException">org.openqa.selenium.SessionNotCreatedException: 
session not created: This version of ChromeDriver only supports Chrome version 106
Current browser version is 109.0.5414.120 with binary path C:\Program Files\Google\Chrome\Application\chrome.exe
Build info: version: '3.141.59', revision: 'e82be7d358', time: '2018-11-14T08:17:03'
System info: host: 'LAPTOP-UVUL5OT0', ip: '192.168.1.8', os.name: 'Windows 10', os.arch: 'amd64', os.version: '10.0', java.version: '1.8.0_301'
Driver info: driver.version: ChromeDriver
remote stacktrace: Backtrace:
	Ordinal0 [0x007C1ED3+2236115]
	Ordinal0 [0x007592F1+1807089]
	Ordinal0 [0x006666FD+812797]
	Ordinal0 [0x00688C6D+953453]
	Ordinal0 [0x00684200+934400]
	Ordinal0 [0x006819C9+924105]
	Ordinal0 [0x006B806C+1146988]
	Ordinal0 [0x006B7A6A+1145450]
	Ordinal0 [0x006B18A6+1120422]
	Ordinal0 [0x0068A73D+960317]
	Ordinal0 [0x0068B71F+964383]
	GetHandleVerifier [0x00A6E7E2+2743074]
	GetHandleVerifier [0x00A608D4+2685972]
	GetHandleVerifier [0x00852BAA+532202]
	GetHandleVerifier [0x00851990+527568]
	Ordinal0 [0x0076080C+1837068]
	Ordinal0 [0x00764CD8+1854680]
	Ordinal0 [0x00764DC5+1854917]
	Ordinal0 [0x0076ED64+1895780]
	BaseThreadInitThunk [0x75A16BD9+25]
	RtlGetFullPathName_UEx [0x77BF8FD2+1218]
	RtlGetFullPathName_UEx [0x77BF8F9D+1165]

	at testngprogms.PerformLogin.init(PerformLogin.java:20)
</failure>
    <system-out><![CDATA[[TestNGContentHandler] [WARN] It is strongly recommended to add "<!DOCTYPE suite SYSTEM "http://testng.org/testng-1.0.dtd" >" at the top of your file, otherwise TestNG may fail or not work as expected.
]]></system-out>
    <system-err><![CDATA[Starting ChromeDriver 106.0.5249.61 (511755355844955cd3e264779baf0dd38212a4d0-refs/branch-heads/5249@{#569}) on port 42307
Only local connections are allowed.
Please see https://chromedriver.chromium.org/security-considerations for suggestions on keeping ChromeDriver safe.
ChromeDriver was started successfully.
]]></system-err>
  </testcase>
  <testcase name="init" classname="testngprogms.PerformLogin" time="0">
    <skipped/>
  </testcase>
  <testcase name="TC2" classname="testngprogms.PerformLogin" time="0">
    <skipped message="session not created: This version of ChromeDriver only supports Chrome version 106&#10;Current browser version is 109.0.5414.120 with binary path C:\Program Files\Google\Chrome\Application\chrome.exe&#10;Build info: version: &apos;3.141.59&apos;, revision: &apos;e82be7d358&apos;, time: &apos;2018-11-14T08:17:03&apos;&#10;System info: host: &apos;LAPTOP-UVUL5OT0&apos;, ip: &apos;192.168.1.8&apos;, os.name: &apos;Windows 10&apos;, os.arch: &apos;amd64&apos;, os.version: &apos;10.0&apos;, java.version: &apos;1.8.0_301&apos;&#10;Driver info: driver.version: ChromeDriver&#10;remote stacktrace: Backtrace:&#10;	Ordinal0 [0x007C1ED3+2236115]&#10;	Ordinal0 [0x007592F1+1807089]&#10;	Ordinal0 [0x006666FD+812797]&#10;	Ordinal0 [0x00688C6D+953453]&#10;	Ordinal0 [0x00684200+934400]&#10;	Ordinal0 [0x006819C9+924105]&#10;	Ordinal0 [0x006B806C+1146988]&#10;	Ordinal0 [0x006B7A6A+1145450]&#10;	Ordinal0 [0x006B18A6+1120422]&#10;	Ordinal0 [0x0068A73D+960317]&#10;	Ordinal0 [0x0068B71F+964383]&#10;	GetHandleVerifier [0x00A6E7E2+2743074]&#10;	GetHandleVerifier [0x00A608D4+2685972]&#10;	GetHandleVerifier [0x00852BAA+532202]&#10;	GetHandleVerifier [0x00851990+527568]&#10;	Ordinal0 [0x0076080C+1837068]&#10;	Ordinal0 [0x00764CD8+1854680]&#10;	Ordinal0 [0x00764DC5+1854917]&#10;	Ordinal0 [0x0076ED64+1895780]&#10;	BaseThreadInitThunk [0x75A16BD9+25]&#10;	RtlGetFullPathName_UEx [0x77BF8FD2+1218]&#10;	RtlGetFullPathName_UEx [0x77BF8F9D+1165]&#10;"/>
  </testcase>
  <testcase name="close" classname="testngprogms.PerformLogin" time="0">
    <skipped/>
  </testcase>
  <testcase name="close" classname="testngprogms.PerformLogin" time="0">
    <skipped/>
  </testcase>
  <testcase name="loginApp" classname="testngprogms.PerformLogin" time="0">
    <skipped message="session not created: This version of ChromeDriver only supports Chrome version 106&#10;Current browser version is 109.0.5414.120 with binary path C:\Program Files\Google\Chrome\Application\chrome.exe&#10;Build info: version: &apos;3.141.59&apos;, revision: &apos;e82be7d358&apos;, time: &apos;2018-11-14T08:17:03&apos;&#10;System info: host: &apos;LAPTOP-UVUL5OT0&apos;, ip: &apos;192.168.1.8&apos;, os.name: &apos;Windows 10&apos;, os.arch: &apos;amd64&apos;, os.version: &apos;10.0&apos;, java.version: &apos;1.8.0_301&apos;&#10;Driver info: driver.version: ChromeDriver&#10;remote stacktrace: Backtrace:&#10;	Ordinal0 [0x007C1ED3+2236115]&#10;	Ordinal0 [0x007592F1+1807089]&#10;	Ordinal0 [0x006666FD+812797]&#10;	Ordinal0 [0x00688C6D+953453]&#10;	Ordinal0 [0x00684200+934400]&#10;	Ordinal0 [0x006819C9+924105]&#10;	Ordinal0 [0x006B806C+1146988]&#10;	Ordinal0 [0x006B7A6A+1145450]&#10;	Ordinal0 [0x006B18A6+1120422]&#10;	Ordinal0 [0x0068A73D+960317]&#10;	Ordinal0 [0x0068B71F+964383]&#10;	GetHandleVerifier [0x00A6E7E2+2743074]&#10;	GetHandleVerifier [0x00A608D4+2685972]&#10;	GetHandleVerifier [0x00852BAA+532202]&#10;	GetHandleVerifier [0x00851990+527568]&#10;	Ordinal0 [0x0076080C+1837068]&#10;	Ordinal0 [0x00764CD8+1854680]&#10;	Ordinal0 [0x00764DC5+1854917]&#10;	Ordinal0 [0x0076ED64+1895780]&#10;	BaseThreadInitThunk [0x75A16BD9+25]&#10;	RtlGetFullPathName_UEx [0x77BF8FD2+1218]&#10;	RtlGetFullPathName_UEx [0x77BF8F9D+1165]&#10;"/>
  </testcase>
</testsuite>